2019-12-20 13:31:59.459  INFO 55812 --- [main] com.profile.DemoApplication              : No active profile set, falling back to default profiles: default
2019-12-20 13:32:00.487  INFO 55812 --- [main] .s.d.r.c.RepositoryConfigurationDelegate : Bootstrapping Spring Data repositories in DEFAULT mode.
2019-12-20 13:32:00.579  INFO 55812 --- [main] .s.d.r.c.RepositoryConfigurationDelegate : Finished Spring Data repository scanning in 84ms. Found 3 repository interfaces.
2019-12-20 13:32:00.805  INFO 55812 --- [main] o.s.cloud.context.scope.GenericScope     : BeanFactory id=e0c6ed97-a5a4-3fc8-883a-abce5bb8b0da
2019-12-20 13:32:00.947  INFO 55812 --- [main] trationDelegate$BeanPostProcessorChecker : Bean 'org.springframework.transaction.annotation.ProxyTransactionManagementConfiguration' of type [org.springframework.transaction.annotation.ProxyTransactionManagementConfiguration] is not eligible for getting processed by all BeanPostProcessors (for example: not eligible for auto-proxying)
2019-12-20 13:32:01.009  INFO 55812 --- [main] trationDelegate$BeanPostProcessorChecker : Bean 'org.springframework.cloud.autoconfigure.ConfigurationPropertiesRebinderAutoConfiguration' of type [org.springframework.cloud.autoconfigure.ConfigurationPropertiesRebinderAutoConfiguration$$EnhancerBySpringCGLIB$$f6861a78] is not eligible for getting processed by all BeanPostProcessors (for example: not eligible for auto-proxying)
2019-12-20 13:32:01.258  INFO 55812 --- [main] o.s.b.w.embedded.tomcat.TomcatWebServer  : Tomcat initialized with port(s): 8083 (http)
2019-12-20 13:32:01.267  INFO 55812 --- [main] o.apache.catalina.core.StandardService   : Starting service [Tomcat]
2019-12-20 13:32:01.267  INFO 55812 --- [main] org.apache.catalina.core.StandardEngine  : Starting Servlet engine: [Apache Tomcat/9.0.27]
2019-12-20 13:32:02.304  INFO 55812 --- [main] o.a.c.c.C.[Tomcat].[localhost].[/]       : Initializing Spring embedded WebApplicationContext
2019-12-20 13:32:02.304  INFO 55812 --- [main] o.s.web.context.ContextLoader            : Root WebApplicationContext: initialization completed in 2824 ms
2019-12-20 13:32:02.374 DEBUG 55812 --- [main] o.s.w.f.CommonsRequestLoggingFilter      : Filter 'logFilter' configured for use
2019-12-20 13:32:02.638  INFO 55812 --- [main] o.hibernate.jpa.internal.util.LogHelper  : HHH000204: Processing PersistenceUnitInfo [name: default]
2019-12-20 13:32:02.697  INFO 55812 --- [main] org.hibernate.Version                    : HHH000412: Hibernate Core {5.4.6.Final}
2019-12-20 13:32:02.866  INFO 55812 --- [main] o.hibernate.annotations.common.Version   : HCANN000001: Hibernate Commons Annotations {5.1.0.Final}
2019-12-20 13:32:02.950  INFO 55812 --- [main] com.zaxxer.hikari.HikariDataSource       : HikariPool-1 - Starting...
2019-12-20 13:32:03.089  INFO 55812 --- [main] com.zaxxer.hikari.HikariDataSource       : HikariPool-1 - Start completed.
2019-12-20 13:32:03.102  INFO 55812 --- [main] org.hibernate.dialect.Dialect            : HHH000400: Using dialect: org.hibernate.dialect.MySQL5Dialect
2019-12-20 13:32:04.586  INFO 55812 --- [main] o.h.e.t.j.p.i.JtaPlatformInitiator       : HHH000490: Using JtaPlatform implementation: [org.hibernate.engine.transaction.jta.platform.internal.NoJtaPlatform]
2019-12-20 13:32:04.605  INFO 55812 --- [main] j.LocalContainerEntityManagerFactoryBean : Initialized JPA EntityManagerFactory for persistence unit 'default'
2019-12-20 13:32:05.415  WARN 55812 --- [main] JpaBaseConfiguration$JpaWebConfiguration : spring.jpa.open-in-view is enabled by default. Therefore, database queries may be performed during view rendering. Explicitly configure spring.jpa.open-in-view to disable this warning
2019-12-20 13:32:05.604  WARN 55812 --- [main] c.n.c.sources.URLConfigurationSource     : No URLs will be polled as dynamic configuration sources.
2019-12-20 13:32:05.605  INFO 55812 --- [main] c.n.c.sources.URLConfigurationSource     : To enable URLs as dynamic configuration sources, define System property archaius.configurationSource.additionalUrls or make config.properties available on classpath.
2019-12-20 13:32:05.609  WARN 55812 --- [main] c.n.c.sources.URLConfigurationSource     : No URLs will be polled as dynamic configuration sources.
2019-12-20 13:32:05.610  INFO 55812 --- [main] c.n.c.sources.URLConfigurationSource     : To enable URLs as dynamic configuration sources, define System property archaius.configurationSource.additionalUrls or make config.properties available on classpath.
2019-12-20 13:32:05.744  INFO 55812 --- [main] o.s.s.concurrent.ThreadPoolTaskExecutor  : Initializing ExecutorService 'applicationTaskExecutor'
2019-12-20 13:32:06.298  WARN 55812 --- [main] ockingLoadBalancerClientRibbonWarnLogger : You already have RibbonLoadBalancerClient on your classpath. It will be used by default. As Spring Cloud Ribbon is in maintenance mode. We recommend switching to BlockingLoadBalancerClient instead. In order to use it, set the value of `spring.cloud.loadbalancer.ribbon.enabled` to `false` or remove spring-cloud-starter-netflix-ribbon from your project.
2019-12-20 13:32:06.442  INFO 55812 --- [main] o.s.c.n.eureka.InstanceInfoFactory       : Setting initial instance status as: STARTING
2019-12-20 13:32:06.490  INFO 55812 --- [main] com.netflix.discovery.DiscoveryClient    : Initializing Eureka in region us-east-1
2019-12-20 13:32:07.007  INFO 55812 --- [main] c.n.d.provider.DiscoveryJerseyProvider   : Using JSON encoding codec LegacyJacksonJson
2019-12-20 13:32:07.007  INFO 55812 --- [main] c.n.d.provider.DiscoveryJerseyProvider   : Using JSON decoding codec LegacyJacksonJson
2019-12-20 13:32:07.133  INFO 55812 --- [main] c.n.d.provider.DiscoveryJerseyProvider   : Using XML encoding codec XStreamXml
2019-12-20 13:32:07.134  INFO 55812 --- [main] c.n.d.provider.DiscoveryJerseyProvider   : Using XML decoding codec XStreamXml
2019-12-20 13:32:07.349  INFO 55812 --- [main] c.n.d.s.r.aws.ConfigClusterResolver      : Resolving eureka endpoints via configuration
2019-12-20 13:32:07.443  INFO 55812 --- [main] com.netflix.discovery.DiscoveryClient    : Disable delta property : false
2019-12-20 13:32:07.443  INFO 55812 --- [main] com.netflix.discovery.DiscoveryClient    : Single vip registry refresh property : null
2019-12-20 13:32:07.444  INFO 55812 --- [main] com.netflix.discovery.DiscoveryClient    : Force full registry fetch : false
2019-12-20 13:32:07.444  INFO 55812 --- [main] com.netflix.discovery.DiscoveryClient    : Application is null : false
2019-12-20 13:32:07.444  INFO 55812 --- [main] com.netflix.discovery.DiscoveryClient    : Registered Applications size is zero : true
2019-12-20 13:32:07.444  INFO 55812 --- [main] com.netflix.discovery.DiscoveryClient    : Application version is -1: true
2019-12-20 13:32:07.444  INFO 55812 --- [main] com.netflix.discovery.DiscoveryClient    : Getting all instance registry info from the eureka server
2019-12-20 13:32:07.624  INFO 55812 --- [main] com.netflix.discovery.DiscoveryClient    : The response status is 200
2019-12-20 13:32:07.627  INFO 55812 --- [main] com.netflix.discovery.DiscoveryClient    : Starting heartbeat executor: renew interval is: 30
2019-12-20 13:32:07.630  INFO 55812 --- [main] c.n.discovery.InstanceInfoReplicator     : InstanceInfoReplicator onDemand update allowed rate per min is 4
2019-12-20 13:32:07.634  INFO 55812 --- [main] com.netflix.discovery.DiscoveryClient    : Discovery Client initialized at timestamp 1576828927633 with initial instances count: 3
2019-12-20 13:32:07.637  INFO 55812 --- [main] o.s.c.n.e.s.EurekaServiceRegistry        : Registering application DEMO with eureka with status UP
2019-12-20 13:32:07.638  INFO 55812 --- [main] com.netflix.discovery.DiscoveryClient    : Saw local status change event StatusChangeEvent [timestamp=1576828927638, current=UP, previous=STARTING]
2019-12-20 13:32:07.640  INFO 55812 --- [DiscoveryClient-InstanceInfoReplicator-0] com.netflix.discovery.DiscoveryClient    : DiscoveryClient_DEMO/ReshmaW-PC-151:DEMO:8083: registering service...
2019-12-20 13:32:07.641  INFO 55812 --- [main] d.s.w.p.DocumentationPluginsBootstrapper : Context refreshed
2019-12-20 13:32:07.661  INFO 55812 --- [main] d.s.w.p.DocumentationPluginsBootstrapper : Found 1 custom documentation plugin(s)
2019-12-20 13:32:07.682  INFO 55812 --- [main] s.d.s.w.s.ApiListingReferenceScanner     : Scanning for api listing references
2019-12-20 13:32:07.682  INFO 55812 --- [DiscoveryClient-InstanceInfoReplicator-0] com.netflix.discovery.DiscoveryClient    : DiscoveryClient_DEMO/ReshmaW-PC-151:DEMO:8083 - registration status: 204
2019-12-20 13:32:07.864  INFO 55812 --- [main] .d.s.w.r.o.CachingOperationNameGenerator : Generating unique operation named: getAllEmpUsingGET_1
2019-12-20 13:32:07.965  INFO 55812 --- [main] o.s.b.w.embedded.tomcat.TomcatWebServer  : Tomcat started on port(s): 8083 (http) with context path ''
2019-12-20 13:32:07.967  INFO 55812 --- [main] .s.c.n.e.s.EurekaAutoServiceRegistration : Updating port to 8083
2019-12-20 13:32:08.084  INFO 55812 --- [main] com.profile.DemoApplication              : Started DemoApplication in 9.631 seconds (JVM running for 12.051)
2019-12-20 13:32:28.125  INFO 55812 --- [http-nio-8083-exec-2] o.a.c.c.C.[Tomcat].[localhost].[/]       : Initializing Spring DispatcherServlet 'dispatcherServlet'
2019-12-20 13:32:28.125  INFO 55812 --- [http-nio-8083-exec-2] o.s.web.servlet.DispatcherServlet        : Initializing Servlet 'dispatcherServlet'
2019-12-20 13:32:28.135  INFO 55812 --- [http-nio-8083-exec-2] o.s.web.servlet.DispatcherServlet        : Completed initialization in 10 ms
2019-12-20 13:32:28.153 DEBUG 55812 --- [http-nio-8083-exec-2] o.s.w.f.CommonsRequestLoggingFilter      : Before request [POST /rest/Employee/login]
2019-12-20 13:32:28.870 DEBUG 55812 --- [http-nio-8083-exec-2] o.s.w.f.CommonsRequestLoggingFilter      : REQUEST DATA : POST /rest/Employee/login, payload={
	"email":"reshmawalekar123@gmail.com",
	"password" :"reshma"
}]
2019-12-20 13:37:07.447  INFO 55812 --- [AsyncResolver-bootstrap-executor-0] c.n.d.s.r.aws.ConfigClusterResolver      : Resolving eureka endpoints via configuration
2019-12-20 13:42:07.449  INFO 55812 --- [AsyncResolver-bootstrap-executor-0] c.n.d.s.r.aws.ConfigClusterResolver      : Resolving eureka endpoints via configuration
2019-12-20 13:47:07.452  INFO 55812 --- [AsyncResolver-bootstrap-executor-0] c.n.d.s.r.aws.ConfigClusterResolver      : Resolving eureka endpoints via configuration
2019-12-20 13:52:07.453  INFO 55812 --- [AsyncResolver-bootstrap-executor-0] c.n.d.s.r.aws.ConfigClusterResolver      : Resolving eureka endpoints via configuration
2019-12-20 13:57:07.456  INFO 55812 --- [AsyncResolver-bootstrap-executor-0] c.n.d.s.r.aws.ConfigClusterResolver      : Resolving eureka endpoints via configuration
2019-12-20 14:02:07.459  INFO 55812 --- [AsyncResolver-bootstrap-executor-0] c.n.d.s.r.aws.ConfigClusterResolver      : Resolving eureka endpoints via configuration
2019-12-20 14:07:07.461  INFO 55812 --- [AsyncResolver-bootstrap-executor-0] c.n.d.s.r.aws.ConfigClusterResolver      : Resolving eureka endpoints via configuration
2019-12-20 14:12:07.464  INFO 55812 --- [AsyncResolver-bootstrap-executor-0] c.n.d.s.r.aws.ConfigClusterResolver      : Resolving eureka endpoints via configuration
2019-12-20 14:17:07.466  INFO 55812 --- [AsyncResolver-bootstrap-executor-0] c.n.d.s.r.aws.ConfigClusterResolver      : Resolving eureka endpoints via configuration
2019-12-20 14:22:07.467  INFO 55812 --- [AsyncResolver-bootstrap-executor-0] c.n.d.s.r.aws.ConfigClusterResolver      : Resolving eureka endpoints via configuration
2019-12-20 14:27:07.469  INFO 55812 --- [AsyncResolver-bootstrap-executor-0] c.n.d.s.r.aws.ConfigClusterResolver      : Resolving eureka endpoints via configuration
